TN:
SF:src/api/http/server.ts
FN:18,ExpressApp
FN:27,create
FN:32,start
FN:40,settings
FN:45,middlewares
FN:50,initRoutes
FN:58,get app
FNF:7
FNH:6
FNDA:1,ExpressApp
FNDA:1,create
FNDA:0,start
FNDA:1,settings
FNDA:1,middlewares
FNDA:1,initRoutes
FNDA:1,get app
DA:1,1
DA:2,1
DA:3,1
DA:4,1
DA:5,1
DA:6,1
DA:7,1
DA:8,1
DA:9,1
DA:10,1
DA:11,1
DA:12,1
DA:13,1
DA:14,1
DA:15,1
DA:16,1
DA:17,1
DA:18,1
DA:19,1
DA:20,1
DA:21,1
DA:22,1
DA:23,1
DA:24,1
DA:25,1
DA:26,1
DA:27,1
DA:28,1
DA:29,1
DA:30,1
DA:31,1
DA:32,1
DA:33,0
DA:34,0
DA:35,0
DA:36,0
DA:37,0
DA:38,0
DA:39,1
DA:40,1
DA:41,1
DA:42,1
DA:43,1
DA:44,1
DA:45,1
DA:46,1
DA:47,1
DA:48,1
DA:49,1
DA:50,1
DA:51,1
DA:52,1
DA:53,1
DA:54,1
DA:55,1
DA:56,1
DA:57,1
DA:58,1
DA:59,1
DA:60,1
DA:61,1
LF:61
LH:55
BRDA:18,0,0,1
BRDA:27,1,0,1
BRDA:40,2,0,1
BRDA:45,3,0,1
BRDA:50,4,0,1
BRDA:54,5,0,0
BRDA:58,6,0,1
BRF:7
BRH:6
end_of_record
TN:
SF:src/api/http/controllers/base-controller.ts
FN:6,ok
FN:9,bodyParser
FNF:2
FNH:2
FNDA:31,ok
FNDA:16,bodyParser
DA:1,1
DA:2,1
DA:3,1
DA:4,1
DA:5,1
DA:6,1
DA:7,31
DA:8,31
DA:9,1
DA:10,16
DA:11,16
DA:12,16
DA:13,16
DA:14,16
DA:15,16
DA:16,16
DA:17,1
LF:17
LH:17
BRDA:6,0,0,31
BRDA:9,1,0,16
BRF:2
BRH:2
end_of_record
TN:
SF:src/api/http/controllers/categoria-controller/Categoria-controller.ts
FN:17,CategoriaController
FN:26,CategoriaController.createNewCategoria
FN:49,CategoriaController.getCategoriaById
FN:64,CategoriaController.searchCategoria
FN:79,CategoriaController.updateCategoria
FN:109,CategoriaController.removeCategoria
FN:124,CategoriaController.getCategoriaByName
FN:139,CategoriaController.getCategorias
FNF:8
FNH:2
FNDA:1,CategoriaController
FNDA:1,CategoriaController.createNewCategoria
FNDA:0,CategoriaController.getCategoriaById
FNDA:0,CategoriaController.searchCategoria
FNDA:0,CategoriaController.updateCategoria
FNDA:0,CategoriaController.removeCategoria
FNDA:0,CategoriaController.getCategoriaByName
FNDA:0,CategoriaController.getCategorias
DA:1,1
DA:2,1
DA:3,1
DA:4,1
DA:5,1
DA:6,1
DA:7,1
DA:8,1
DA:9,1
DA:10,1
DA:11,1
DA:12,1
DA:13,1
DA:14,1
DA:15,1
DA:16,1
DA:17,1
DA:18,1
DA:19,1
DA:20,1
DA:21,1
DA:22,1
DA:23,1
DA:24,1
DA:25,1
DA:26,1
DA:27,1
DA:28,1
DA:29,1
DA:30,1
DA:31,1
DA:32,1
DA:33,1
DA:34,1
DA:35,1
DA:36,1
DA:37,1
DA:38,1
DA:39,1
DA:40,1
DA:41,1
DA:42,1
DA:43,1
DA:44,0
DA:45,0
DA:46,0
DA:47,1
DA:48,1
DA:49,1
DA:50,0
DA:51,0
DA:52,0
DA:53,0
DA:54,0
DA:55,0
DA:56,0
DA:57,0
DA:58,0
DA:59,0
DA:60,0
DA:61,0
DA:62,0
DA:63,1
DA:64,1
DA:65,0
DA:66,0
DA:67,0
DA:68,0
DA:69,0
DA:70,0
DA:71,0
DA:72,0
DA:73,0
DA:74,0
DA:75,0
DA:76,0
DA:77,0
DA:78,1
DA:79,1
DA:80,0
DA:81,0
DA:82,0
DA:83,0
DA:84,0
DA:85,0
DA:86,0
DA:87,0
DA:88,0
DA:89,0
DA:90,0
DA:91,0
DA:92,0
DA:93,0
DA:94,0
DA:95,0
DA:96,0
DA:97,0
DA:98,0
DA:99,0
DA:100,0
DA:101,0
DA:102,0
DA:103,0
DA:104,0
DA:105,0
DA:106,0
DA:107,0
DA:108,1
DA:109,1
DA:110,0
DA:111,0
DA:112,0
DA:113,0
DA:114,0
DA:115,0
DA:116,0
DA:117,0
DA:118,0
DA:119,0
DA:120,0
DA:121,0
DA:122,0
DA:123,1
DA:124,1
DA:125,0
DA:126,0
DA:127,0
DA:128,0
DA:129,0
DA:130,0
DA:131,0
DA:132,0
DA:133,0
DA:134,0
DA:135,0
DA:136,0
DA:137,0
DA:138,1
DA:139,1
DA:140,0
DA:141,0
DA:142,0
DA:143,0
DA:144,0
DA:145,0
DA:146,0
DA:147,0
DA:148,0
DA:149,0
DA:150,0
DA:151,0
DA:152,1
DA:153,1
LF:153
LH:58
BRDA:17,0,0,1
BRDA:26,1,0,1
BRDA:30,2,0,1
BRDA:38,3,0,0
BRDA:43,4,0,0
BRF:5
BRH:3
end_of_record
TN:
SF:src/api/http/controllers/categoria-controller/index.ts
FNF:0
FNH:0
DA:1,1
DA:2,1
DA:3,1
DA:4,1
DA:5,1
DA:6,1
DA:7,1
DA:8,1
DA:9,1
DA:10,1
DA:11,1
LF:11
LH:11
BRF:0
BRH:0
end_of_record
TN:
SF:src/api/http/controllers/product-controller/index.ts
FNF:0
FNH:0
DA:1,1
DA:2,1
DA:3,1
DA:4,1
DA:5,1
DA:6,1
DA:7,1
DA:8,1
DA:9,1
DA:10,1
DA:11,1
DA:12,1
DA:13,1
DA:14,1
LF:14
LH:14
BRF:0
BRH:0
end_of_record
TN:
SF:src/api/http/controllers/product-controller/product-controller.ts
FN:20,ProductController
FN:31,ProductController.createNewProduct
FN:56,ProductController.getProductById
FN:71,ProductController.updateProduct
FN:104,ProductController.removeProduct
FN:119,ProductController.getProducts
FN:133,ProductController.searchProducts
FN:149,ProductController.exportProducts
FNF:8
FNH:8
FNDA:1,ProductController
FNDA:15,ProductController.createNewProduct
FNDA:2,ProductController.getProductById
FNDA:2,ProductController.updateProduct
FNDA:14,ProductController.removeProduct
FNDA:1,ProductController.getProducts
FNDA:2,ProductController.searchProducts
FNDA:1,ProductController.exportProducts
DA:1,1
DA:2,1
DA:3,1
DA:4,1
DA:5,1
DA:6,1
DA:7,1
DA:8,1
DA:9,1
DA:10,1
DA:11,1
DA:12,1
DA:13,1
DA:14,1
DA:15,1
DA:16,1
DA:17,1
DA:18,1
DA:19,1
DA:20,1
DA:21,1
DA:22,1
DA:23,1
DA:24,1
DA:25,1
DA:26,1
DA:27,1
DA:28,1
DA:29,1
DA:30,1
DA:31,1
DA:32,15
DA:33,15
DA:34,15
DA:35,15
DA:36,15
DA:37,15
DA:38,15
DA:39,15
DA:40,15
DA:41,15
DA:42,14
DA:43,14
DA:44,15
DA:45,13
DA:46,13
DA:47,13
DA:48,13
DA:49,13
DA:50,15
DA:51,2
DA:52,2
DA:53,2
DA:54,15
DA:55,1
DA:56,1
DA:57,2
DA:58,2
DA:59,2
DA:60,2
DA:61,2
DA:62,2
DA:63,2
DA:64,1
DA:65,1
DA:66,1
DA:67,1
DA:68,1
DA:69,2
DA:70,1
DA:71,1
DA:72,2
DA:73,2
DA:74,2
DA:75,2
DA:76,2
DA:77,2
DA:78,2
DA:79,2
DA:80,2
DA:81,2
DA:82,2
DA:83,2
DA:84,2
DA:85,2
DA:86,2
DA:87,2
DA:88,10
DA:89,2
DA:90,2
DA:91,2
DA:92,2
DA:93,1
DA:94,1
DA:95,1
DA:96,1
DA:97,1
DA:98,1
DA:99,1
DA:100,1
DA:101,1
DA:102,2
DA:103,1
DA:104,1
DA:105,14
DA:106,14
DA:107,14
DA:108,14
DA:109,14
DA:110,14
DA:111,14
DA:112,12
DA:113,14
DA:114,2
DA:115,2
DA:116,2
DA:117,14
DA:118,1
DA:119,1
DA:120,1
DA:121,1
DA:122,1
DA:123,1
DA:124,1
DA:125,1
DA:126,1
DA:127,1
DA:128,0
DA:129,0
DA:130,0
DA:131,1
DA:132,1
DA:133,1
DA:134,2
DA:135,2
DA:136,2
DA:137,2
DA:138,2
DA:139,2
DA:140,2
DA:141,2
DA:142,2
DA:143,0
DA:144,0
DA:145,0
DA:146,2
DA:147,1
DA:148,1
DA:149,1
DA:150,1
DA:151,1
DA:152,1
DA:153,1
DA:154,1
DA:155,1
DA:156,1
DA:157,1
DA:158,1
DA:159,1
DA:160,1
DA:161,1
DA:162,1
DA:163,0
DA:164,0
DA:165,0
DA:166,1
DA:167,1
DA:168,1
LF:168
LH:159
BRDA:20,0,0,1
BRDA:31,1,0,15
BRDA:35,2,0,15
BRDA:42,3,0,14
BRDA:44,4,0,1
BRDA:45,5,0,13
BRDA:50,6,0,2
BRDA:51,7,0,0
BRDA:56,8,0,2
BRDA:60,9,0,2
BRDA:64,10,0,1
BRDA:66,11,0,0
BRDA:71,12,0,2
BRDA:75,13,0,2
BRDA:86,14,0,0
BRDA:93,15,0,1
BRDA:99,16,0,0
BRDA:85,17,0,2
BRDA:87,18,0,10
BRDA:88,19,0,2
BRDA:88,20,0,8
BRDA:104,21,0,14
BRDA:108,22,0,14
BRDA:112,23,0,12
BRDA:113,24,0,2
BRDA:114,25,0,0
BRDA:119,26,0,1
BRDA:123,27,0,1
BRDA:127,28,0,0
BRDA:133,29,0,2
BRDA:137,30,0,2
BRDA:140,31,0,0
BRDA:142,32,0,0
BRDA:149,33,0,1
BRDA:153,34,0,1
BRDA:162,35,0,0
BRF:36
BRH:27
end_of_record
TN:
SF:src/api/http/middlewares/error-handler/index.ts
FN:5,ErrorHandler
FN:6,ErrorHandler.logError
FN:10,ErrorHandler.logErrorMiddleware
FN:20,ErrorHandler.returnError
FN:27,ErrorHandler.NOT_FOUND_ROUTE_HANDLER
FNF:5
FNH:1
FNDA:1,ErrorHandler
FNDA:0,ErrorHandler.logError
FNDA:0,ErrorHandler.logErrorMiddleware
FNDA:0,ErrorHandler.returnError
FNDA:0,ErrorHandler.NOT_FOUND_ROUTE_HANDLER
DA:1,1
DA:2,1
DA:3,1
DA:4,1
DA:5,1
DA:6,1
DA:7,0
DA:8,1
DA:9,1
DA:10,1
DA:11,0
DA:12,0
DA:13,0
DA:14,0
DA:15,0
DA:16,0
DA:17,0
DA:18,1
DA:19,1
DA:20,1
DA:21,0
DA:22,0
DA:23,0
DA:24,0
DA:25,1
DA:26,1
DA:27,1
DA:28,0
DA:29,1
DA:30,1
LF:30
LH:17
BRDA:5,0,0,1
BRF:1
BRH:1
end_of_record
TN:
SF:src/api/http/router/index.ts
FNF:0
FNH:0
DA:1,1
DA:2,1
DA:3,1
DA:4,1
DA:5,1
DA:6,1
LF:6
LH:6
BRF:0
BRH:0
end_of_record
TN:
SF:src/api/http/router/router.ts
FN:11,HTTPRouter
FN:20,create
FN:31,get
FNF:3
FNH:3
FNDA:1,HTTPRouter
FNDA:1,create
FNDA:1,get
DA:1,1
DA:2,1
DA:3,1
DA:4,1
DA:5,1
DA:6,1
DA:7,1
DA:8,1
DA:9,1
DA:10,1
DA:11,1
DA:12,1
DA:13,1
DA:14,1
DA:15,1
DA:16,1
DA:17,1
DA:18,1
DA:19,1
DA:20,1
DA:21,1
DA:22,1
DA:23,1
DA:24,1
DA:25,1
DA:26,1
DA:27,1
DA:28,1
DA:29,1
DA:30,1
DA:31,1
DA:32,1
DA:33,1
DA:34,1
DA:35,1
DA:36,1
DA:37,1
DA:38,1
DA:39,1
DA:40,1
DA:41,1
DA:42,1
DA:43,1
DA:44,1
DA:45,1
DA:46,1
DA:47,1
DA:48,1
DA:49,1
DA:50,1
DA:51,1
DA:52,1
DA:53,1
DA:54,1
DA:55,1
DA:56,1
DA:57,1
DA:58,1
DA:59,1
DA:60,1
DA:61,1
DA:62,1
DA:63,1
DA:64,1
LF:64
LH:64
BRDA:11,0,0,1
BRDA:20,1,0,1
BRDA:31,2,0,1
BRF:3
BRH:3
end_of_record
TN:
SF:src/application/Services/Categoria/categoria-service.ts
FN:17,CategoriaService
FN:21,create
FN:26,createCategoria
FN:32,find
FN:38,search
FN:44,updateCategoria
FN:50,getAllCategorias
FN:56,getById
FN:63,remove
FNF:9
FNH:4
FNDA:1,CategoriaService
FNDA:1,create
FNDA:1,createCategoria
FNDA:1,find
FNDA:0,search
FNDA:0,updateCategoria
FNDA:0,getAllCategorias
FNDA:0,getById
FNDA:0,remove
DA:1,1
DA:2,1
DA:3,1
DA:4,1
DA:5,1
DA:6,1
DA:7,1
DA:8,1
DA:9,1
DA:10,1
DA:11,1
DA:12,1
DA:13,1
DA:14,1
DA:15,1
DA:16,1
DA:17,1
DA:18,1
DA:19,1
DA:20,1
DA:21,1
DA:22,1
DA:23,1
DA:24,1
DA:25,1
DA:26,1
DA:27,1
DA:28,1
DA:29,1
DA:30,1
DA:31,1
DA:32,1
DA:33,1
DA:34,1
DA:35,1
DA:36,1
DA:37,1
DA:38,1
DA:39,0
DA:40,0
DA:41,0
DA:42,0
DA:43,1
DA:44,1
DA:45,0
DA:46,0
DA:47,0
DA:48,0
DA:49,1
DA:50,1
DA:51,0
DA:52,0
DA:53,0
DA:54,0
DA:55,1
DA:56,1
DA:57,0
DA:58,0
DA:59,0
DA:60,0
DA:61,1
DA:62,1
DA:63,1
DA:64,0
DA:65,0
DA:66,0
DA:67,0
DA:68,1
LF:68
LH:48
BRDA:17,0,0,1
BRDA:21,1,0,1
BRDA:26,2,0,1
BRDA:32,3,0,1
BRF:4
BRH:4
end_of_record
TN:
SF:src/application/Services/Categoria/index.ts
FNF:0
FNH:0
DA:1,1
DA:2,1
DA:3,1
DA:4,1
DA:5,1
DA:6,1
LF:6
LH:6
BRF:0
BRH:0
end_of_record
TN:
SF:src/application/Services/Categoria/Use-cases/GetAllCategorias.ts
FN:7,GetAllCategoriasUseCase
FN:11,create
FN:15,getAll
FNF:3
FNH:0
FNDA:0,GetAllCategoriasUseCase
FNDA:0,create
FNDA:0,getAll
DA:1,1
DA:2,1
DA:3,1
DA:4,1
DA:5,1
DA:6,1
DA:7,1
DA:8,0
DA:9,0
DA:10,1
DA:11,1
DA:12,0
DA:13,0
DA:14,1
DA:15,1
DA:16,0
DA:17,0
DA:18,0
DA:19,1
DA:20,1
LF:20
LH:13
BRF:0
BRH:0
end_of_record
TN:
SF:src/application/Services/Categoria/Use-cases/createCategoria.ts
FN:9,CreateCategoriaUseCase
FN:13,create
FN:17,createNew
FNF:3
FNH:3
FNDA:1,CreateCategoriaUseCase
FNDA:1,create
FNDA:1,createNew
DA:1,1
DA:2,1
DA:3,1
DA:4,1
DA:5,1
DA:6,1
DA:7,1
DA:8,1
DA:9,1
DA:10,1
DA:11,1
DA:12,1
DA:13,1
DA:14,1
DA:15,1
DA:16,1
DA:17,1
DA:18,1
DA:19,1
DA:20,1
DA:21,1
DA:22,1
DA:23,1
DA:24,1
DA:25,1
DA:26,1
DA:27,1
DA:28,1
DA:29,1
LF:29
LH:29
BRDA:9,0,0,1
BRDA:13,1,0,1
BRDA:17,2,0,1
BRF:3
BRH:3
end_of_record
TN:
SF:src/application/Services/Categoria/Use-cases/findCategoria.ts
FN:7,FindCategoriaUseCase
FN:11,create
FN:15,find
FNF:3
FNH:3
FNDA:1,FindCategoriaUseCase
FNDA:1,create
FNDA:1,find
DA:1,1
DA:2,1
DA:3,1
DA:4,1
DA:5,1
DA:6,1
DA:7,1
DA:8,1
DA:9,1
DA:10,1
DA:11,1
DA:12,1
DA:13,1
DA:14,1
DA:15,1
DA:16,1
DA:17,1
DA:18,1
DA:19,1
DA:20,0
DA:21,1
DA:22,1
DA:23,1
DA:24,1
DA:25,1
LF:25
LH:24
BRDA:7,0,0,1
BRDA:11,1,0,1
BRDA:15,2,0,1
BRF:3
BRH:3
end_of_record
TN:
SF:src/application/Services/Categoria/Use-cases/getCategoriaById.ts
FN:8,GetCategoriaByIdUseCase
FN:12,create
FN:16,get
FNF:3
FNH:0
FNDA:0,GetCategoriaByIdUseCase
FNDA:0,create
FNDA:0,get
DA:1,1
DA:2,1
DA:3,1
DA:4,1
DA:5,1
DA:6,1
DA:7,1
DA:8,1
DA:9,0
DA:10,0
DA:11,1
DA:12,1
DA:13,0
DA:14,0
DA:15,1
DA:16,1
DA:17,0
DA:18,0
DA:19,0
DA:20,0
DA:21,1
DA:22,1
LF:22
LH:14
BRF:0
BRH:0
end_of_record
TN:
SF:src/application/Services/Categoria/Use-cases/removeCategoria.ts
FN:7,RemoveCategoriaUseCase
FN:11,create
FN:15,remove
FNF:3
FNH:0
FNDA:0,RemoveCategoriaUseCase
FNDA:0,create
FNDA:0,remove
DA:1,1
DA:2,1
DA:3,1
DA:4,1
DA:5,1
DA:6,1
DA:7,1
DA:8,0
DA:9,0
DA:10,1
DA:11,1
DA:12,0
DA:13,0
DA:14,1
DA:15,1
DA:16,0
DA:17,0
DA:18,0
DA:19,0
DA:20,1
DA:21,1
LF:21
LH:13
BRF:0
BRH:0
end_of_record
TN:
SF:src/application/Services/Categoria/Use-cases/searchCategoria.ts
FN:8,SearchCategoriasUseCase
FN:12,create
FN:16,search
FNF:3
FNH:0
FNDA:0,SearchCategoriasUseCase
FNDA:0,create
FNDA:0,search
DA:1,1
DA:2,1
DA:3,1
DA:4,1
DA:5,1
DA:6,1
DA:7,1
DA:8,1
DA:9,0
DA:10,0
DA:11,1
DA:12,1
DA:13,0
DA:14,0
DA:15,1
DA:16,1
DA:17,0
DA:18,0
DA:19,0
DA:20,0
DA:21,0
DA:22,0
DA:23,0
DA:24,0
DA:25,1
DA:26,1
LF:26
LH:14
BRF:0
BRH:0
end_of_record
TN:
SF:src/application/Services/Categoria/Use-cases/updateCategoria.ts
FN:9,UpdateCategoriaUseCase
FN:13,create
FN:17,update
FNF:3
FNH:0
FNDA:0,UpdateCategoriaUseCase
FNDA:0,create
FNDA:0,update
DA:1,1
DA:2,1
DA:3,1
DA:4,1
DA:5,1
DA:6,1
DA:7,1
DA:8,1
DA:9,1
DA:10,0
DA:11,0
DA:12,1
DA:13,1
DA:14,0
DA:15,0
DA:16,1
DA:17,1
DA:18,0
DA:19,0
DA:20,0
DA:21,0
DA:22,1
DA:23,1
LF:23
LH:15
BRF:0
BRH:0
end_of_record
TN:
SF:src/application/Services/Product/index.ts
FNF:0
FNH:0
DA:1,1
DA:2,1
DA:3,1
DA:4,1
DA:5,1
DA:6,1
DA:7,1
DA:8,1
LF:8
LH:8
BRF:0
BRH:0
end_of_record
TN:
SF:src/application/Services/Product/product-service.ts
FN:20,ProductService
FN:28,create
FN:36,createProduct
FN:43,search
FN:49,find
FN:56,updateProduct
FN:62,getAllProducts
FN:69,getById
FN:76,remove
FNF:9
FNH:9
FNDA:1,ProductService
FNDA:1,create
FNDA:13,createProduct
FNDA:2,search
FNDA:14,find
FNDA:2,updateProduct
FNDA:2,getAllProducts
FNDA:2,getById
FNDA:14,remove
DA:1,1
DA:2,1
DA:3,1
DA:4,1
DA:5,1
DA:6,1
DA:7,1
DA:8,1
DA:9,1
DA:10,1
DA:11,1
DA:12,1
DA:13,1
DA:14,1
DA:15,1
DA:16,1
DA:17,1
DA:18,1
DA:19,1
DA:20,1
DA:21,1
DA:22,1
DA:23,1
DA:24,1
DA:25,1
DA:26,1
DA:27,1
DA:28,1
DA:29,1
DA:30,1
DA:31,1
DA:32,1
DA:33,1
DA:34,1
DA:35,1
DA:36,1
DA:37,13
DA:38,13
DA:39,13
DA:40,13
DA:41,13
DA:42,1
DA:43,1
DA:44,2
DA:45,2
DA:46,2
DA:47,2
DA:48,1
DA:49,1
DA:50,14
DA:51,14
DA:52,14
DA:53,14
DA:54,14
DA:55,1
DA:56,1
DA:57,2
DA:58,2
DA:59,2
DA:60,2
DA:61,1
DA:62,1
DA:63,2
DA:64,2
DA:65,2
DA:66,2
DA:67,2
DA:68,1
DA:69,1
DA:70,2
DA:71,2
DA:72,2
DA:73,2
DA:74,1
DA:75,1
DA:76,1
DA:77,14
DA:78,14
DA:79,14
DA:80,14
DA:81,1
LF:81
LH:81
BRDA:20,0,0,1
BRDA:28,1,0,1
BRDA:36,2,0,13
BRDA:43,3,0,2
BRDA:49,4,0,14
BRDA:56,5,0,2
BRDA:62,6,0,2
BRDA:69,7,0,2
BRDA:76,8,0,14
BRF:9
BRH:9
end_of_record
TN:
SF:src/application/Services/Product/Use-cases/createProduct.ts
FN:11,CreateProductUseCase
FN:19,create
FN:26,createNew
FNF:3
FNH:3
FNDA:13,CreateProductUseCase
FNDA:13,create
FNDA:13,createNew
DA:1,1
DA:2,1
DA:3,1
DA:4,1
DA:5,1
DA:6,1
DA:7,1
DA:8,1
DA:9,1
DA:10,1
DA:11,1
DA:12,13
DA:13,13
DA:14,13
DA:15,13
DA:16,13
DA:17,13
DA:18,1
DA:19,1
DA:20,13
DA:21,13
DA:22,13
DA:23,13
DA:24,13
DA:25,1
DA:26,1
DA:27,13
DA:28,13
DA:29,13
DA:30,13
DA:31,13
DA:32,13
DA:33,13
DA:34,1
DA:35,1
LF:35
LH:35
BRDA:11,0,0,13
BRDA:19,1,0,13
BRDA:26,2,0,13
BRDA:31,3,0,0
BRF:4
BRH:3
end_of_record
TN:
SF:src/application/Services/Product/Use-cases/findProduct.ts
FN:7,FindProductUseCase
FN:11,create
FN:15,find
FNF:3
FNH:3
FNDA:14,FindProductUseCase
FNDA:14,create
FNDA:14,find
DA:1,1
DA:2,1
DA:3,1
DA:4,1
DA:5,1
DA:6,1
DA:7,1
DA:8,14
DA:9,14
DA:10,1
DA:11,1
DA:12,14
DA:13,14
DA:14,1
DA:15,1
DA:16,14
DA:17,14
DA:18,14
DA:19,14
DA:20,16
DA:21,14
DA:22,14
DA:23,14
DA:24,1
LF:24
LH:24
BRDA:7,0,0,14
BRDA:11,1,0,14
BRDA:15,2,0,14
BRDA:19,3,0,16
BRDA:20,4,0,80
BRF:5
BRH:5
end_of_record
TN:
SF:src/application/Services/Product/Use-cases/getAllProducts.ts
FN:10,GetAllProductsUseCase
FN:18,create
FN:28,get
FNF:3
FNH:3
FNDA:2,GetAllProductsUseCase
FNDA:2,create
FNDA:2,get
DA:1,1
DA:2,1
DA:3,1
DA:4,1
DA:5,1
DA:6,1
DA:7,1
DA:8,1
DA:9,1
DA:10,1
DA:11,2
DA:12,2
DA:13,2
DA:14,2
DA:15,2
DA:16,2
DA:17,1
DA:18,1
DA:19,2
DA:20,2
DA:21,2
DA:22,2
DA:23,2
DA:24,2
DA:25,2
DA:26,2
DA:27,1
DA:28,1
DA:29,2
DA:30,2
DA:31,1
DA:32,1
DA:33,1
DA:34,2
DA:35,2
DA:36,2
DA:37,2
DA:38,2
DA:39,2
DA:40,2
DA:41,2
DA:42,2
DA:43,2
DA:44,2
DA:45,2
DA:46,2
DA:47,1
DA:48,1
DA:49,1
DA:50,1
DA:51,1
DA:52,1
LF:52
LH:52
BRDA:10,0,0,2
BRDA:18,1,0,2
BRDA:28,2,0,2
BRDA:30,3,0,1
BRDA:30,4,0,1
BRDA:30,5,0,1
BRDA:33,6,0,2
BRDA:33,7,0,2
BRDA:41,8,0,0
BRDA:42,9,0,0
BRDA:43,10,0,0
BRDA:44,11,0,0
BRF:12
BRH:8
end_of_record
TN:
SF:src/application/Services/Product/Use-cases/getProductById.ts
FN:8,GetProductByIdUseCase
FN:12,create
FN:16,get
FNF:3
FNH:3
FNDA:2,GetProductByIdUseCase
FNDA:2,create
FNDA:2,get
DA:1,1
DA:2,1
DA:3,1
DA:4,1
DA:5,1
DA:6,1
DA:7,1
DA:8,1
DA:9,2
DA:10,2
DA:11,1
DA:12,1
DA:13,2
DA:14,2
DA:15,1
DA:16,1
DA:17,2
DA:18,2
DA:19,2
DA:20,2
DA:21,1
DA:22,1
DA:23,1
LF:23
LH:23
BRDA:8,0,0,2
BRDA:12,1,0,2
BRDA:16,2,0,2
BRDA:20,3,0,1
BRF:4
BRH:4
end_of_record
TN:
SF:src/application/Services/Product/Use-cases/removeProduct.ts
FN:7,RemoveProductUseCase
FN:11,create
FN:15,remove
FNF:3
FNH:3
FNDA:14,RemoveProductUseCase
FNDA:14,create
FNDA:14,remove
DA:1,1
DA:2,1
DA:3,1
DA:4,1
DA:5,1
DA:6,1
DA:7,1
DA:8,14
DA:9,14
DA:10,1
DA:11,1
DA:12,14
DA:13,14
DA:14,1
DA:15,1
DA:16,14
DA:17,14
DA:18,14
DA:19,14
DA:20,12
DA:21,12
DA:22,1
LF:22
LH:22
BRDA:7,0,0,14
BRDA:11,1,0,14
BRDA:15,2,0,14
BRDA:19,3,0,2
BRDA:20,4,0,12
BRF:5
BRH:5
end_of_record
TN:
SF:src/application/Services/Product/Use-cases/searchProduct.ts
FN:7,SearchProductsUseCase
FN:11,create
FN:15,search
FNF:3
FNH:3
FNDA:2,SearchProductsUseCase
FNDA:2,create
FNDA:2,search
DA:1,1
DA:2,1
DA:3,1
DA:4,1
DA:5,1
DA:6,1
DA:7,1
DA:8,2
DA:9,2
DA:10,1
DA:11,1
DA:12,2
DA:13,2
DA:14,1
DA:15,1
DA:16,2
DA:17,2
DA:18,2
DA:19,2
DA:20,4
DA:21,2
DA:22,2
DA:23,2
DA:24,1
LF:24
LH:24
BRDA:7,0,0,2
BRDA:11,1,0,2
BRDA:15,2,0,2
BRDA:19,3,0,4
BRDA:20,4,0,2
BRF:5
BRH:5
end_of_record
TN:
SF:src/application/Services/Product/Use-cases/updateProduct.ts
FN:9,UpdateProductUseCase
FN:13,create
FN:17,update
FNF:3
FNH:3
FNDA:2,UpdateProductUseCase
FNDA:2,create
FNDA:2,update
DA:1,1
DA:2,1
DA:3,1
DA:4,1
DA:5,1
DA:6,1
DA:7,1
DA:8,1
DA:9,1
DA:10,2
DA:11,2
DA:12,1
DA:13,1
DA:14,2
DA:15,2
DA:16,1
DA:17,1
DA:18,2
DA:19,2
DA:20,2
DA:21,2
DA:22,2
DA:23,1
DA:24,1
DA:25,1
LF:25
LH:25
BRDA:9,0,0,2
BRDA:13,1,0,2
BRDA:17,2,0,2
BRDA:22,3,0,1
BRF:4
BRH:4
end_of_record
TN:
SF:src/constants/http.ts
FNF:0
FNH:0
DA:1,1
DA:2,1
DA:3,1
DA:4,1
DA:5,1
DA:6,1
DA:7,1
DA:8,1
DA:9,1
DA:10,1
DA:11,1
DA:12,1
LF:12
LH:12
BRF:0
BRH:0
end_of_record
TN:
SF:src/domain/Categoria/index.ts
FN:9,Categoria
FN:13,create
FN:20,get id
FN:24,get nombre_corto
FN:28,get descripcion
FN:32,get nombre_categoria
FN:36,getProps
FNF:7
FNH:6
FNDA:1,Categoria
FNDA:1,create
FNDA:18,get id
FNDA:2,get nombre_corto
FNDA:2,get descripcion
FNDA:2,get nombre_categoria
FNDA:0,getProps
DA:1,1
DA:2,1
DA:3,1
DA:4,1
DA:5,1
DA:6,1
DA:7,1
DA:8,1
DA:9,1
DA:10,1
DA:11,1
DA:12,1
DA:13,1
DA:14,1
DA:15,1
DA:16,1
DA:17,1
DA:18,1
DA:19,1
DA:20,1
DA:21,18
DA:22,18
DA:23,1
DA:24,1
DA:25,2
DA:26,2
DA:27,1
DA:28,1
DA:29,2
DA:30,2
DA:31,1
DA:32,1
DA:33,2
DA:34,2
DA:35,1
DA:36,1
DA:37,0
DA:38,0
DA:39,1
DA:40,1
LF:40
LH:38
BRDA:9,0,0,1
BRDA:10,1,0,0
BRDA:13,2,0,1
BRDA:20,3,0,18
BRDA:24,4,0,2
BRDA:28,5,0,2
BRDA:32,6,0,2
BRF:7
BRH:6
end_of_record
TN:
SF:src/domain/Categoria/dtos/createCategoriaDTO.ts
FN:27,create
FN:39,CreateCategoriaDto
FNF:2
FNH:1
FNDA:0,create
FNDA:1,CreateCategoriaDto
DA:1,1
DA:2,1
DA:3,1
DA:4,1
DA:5,1
DA:6,1
DA:7,1
DA:8,1
DA:9,1
DA:10,1
DA:11,1
DA:12,1
DA:13,1
DA:14,1
DA:15,1
DA:16,1
DA:17,1
DA:18,1
DA:19,1
DA:20,1
DA:21,1
DA:22,1
DA:23,1
DA:24,1
DA:25,1
DA:26,1
DA:27,1
DA:28,0
DA:29,0
DA:30,0
DA:31,0
DA:32,0
DA:33,0
DA:34,0
DA:35,0
DA:36,0
DA:37,0
DA:38,1
DA:39,1
DA:40,1
DA:41,1
DA:42,1
DA:43,1
DA:44,1
DA:45,1
DA:46,1
DA:47,1
DA:48,1
LF:48
LH:38
BRDA:39,0,0,1
BRF:1
BRH:1
end_of_record
TN:
SF:src/domain/Categoria/dtos/updateCategoriaDTO.ts
FN:31,create
FN:43,UpdateCategoriaDto
FNF:2
FNH:0
FNDA:0,create
FNDA:0,UpdateCategoriaDto
DA:1,1
DA:2,1
DA:3,1
DA:4,1
DA:5,1
DA:6,1
DA:7,1
DA:8,1
DA:9,1
DA:10,1
DA:11,1
DA:12,1
DA:13,1
DA:14,1
DA:15,1
DA:16,1
DA:17,1
DA:18,1
DA:19,1
DA:20,1
DA:21,1
DA:22,1
DA:23,1
DA:24,1
DA:25,1
DA:26,1
DA:27,1
DA:28,1
DA:29,1
DA:30,1
DA:31,1
DA:32,0
DA:33,0
DA:34,0
DA:35,0
DA:36,0
DA:37,0
DA:38,0
DA:39,0
DA:40,0
DA:41,0
DA:42,1
DA:43,1
DA:44,0
DA:45,0
DA:46,0
DA:47,0
DA:48,0
DA:49,0
DA:50,0
DA:51,0
DA:52,0
DA:53,0
DA:54,1
LF:54
LH:34
BRF:0
BRH:0
end_of_record
TN:
SF:src/domain/Entity/index.ts
FN:5,Entity
FN:10,updateProp
FN:15,getProps
FNF:3
FNH:2
FNDA:14,Entity
FNDA:1,updateProp
FNDA:0,getProps
DA:1,1
DA:2,1
DA:3,1
DA:4,1
DA:5,1
DA:6,14
DA:7,14
DA:8,14
DA:9,1
DA:10,1
DA:11,1
DA:12,1
DA:13,1
DA:14,1
DA:15,1
DA:16,0
DA:17,0
DA:18,1
LF:18
LH:16
BRDA:5,0,0,14
BRDA:10,1,0,1
BRF:2
BRH:2
end_of_record
TN:
SF:src/domain/Product/index.ts
FN:9,Product
FN:13,create
FN:20,get id
FN:24,get nombre_producto
FN:28,get descripcion
FN:32,get sku
FN:36,get precio
FN:40,get categoria
FN:44,getProps
FNF:9
FNH:9
FNDA:13,Product
FNDA:13,create
FNDA:79,get id
FNDA:6,get nombre_producto
FNDA:4,get descripcion
FNDA:2,get sku
FNDA:2,get precio
FNDA:15,get categoria
FNDA:29,getProps
DA:1,1
DA:2,1
DA:3,1
DA:4,1
DA:5,1
DA:6,1
DA:7,1
DA:8,1
DA:9,1
DA:10,13
DA:11,13
DA:12,1
DA:13,1
DA:14,13
DA:15,13
DA:16,13
DA:17,13
DA:18,13
DA:19,1
DA:20,1
DA:21,79
DA:22,79
DA:23,1
DA:24,1
DA:25,6
DA:26,6
DA:27,1
DA:28,1
DA:29,4
DA:30,4
DA:31,1
DA:32,1
DA:33,2
DA:34,2
DA:35,1
DA:36,1
DA:37,2
DA:38,2
DA:39,1
DA:40,1
DA:41,15
DA:42,15
DA:43,1
DA:44,1
DA:45,29
DA:46,29
DA:47,1
DA:48,1
LF:48
LH:48
BRDA:9,0,0,13
BRDA:10,1,0,0
BRDA:13,2,0,13
BRDA:20,3,0,79
BRDA:24,4,0,6
BRDA:28,5,0,4
BRDA:32,6,0,2
BRDA:36,7,0,2
BRDA:40,8,0,15
BRDA:44,9,0,29
BRF:10
BRH:9
end_of_record
TN:
SF:src/domain/Product/dtos/createProductDTO.ts
FN:39,create
FN:55,CreateProductDto
FNF:2
FNH:1
FNDA:0,create
FNDA:15,CreateProductDto
DA:1,1
DA:2,1
DA:3,1
DA:4,1
DA:5,1
DA:6,1
DA:7,1
DA:8,1
DA:9,1
DA:10,1
DA:11,1
DA:12,1
DA:13,1
DA:14,1
DA:15,1
DA:16,1
DA:17,1
DA:18,1
DA:19,1
DA:20,1
DA:21,1
DA:22,1
DA:23,1
DA:24,1
DA:25,1
DA:26,1
DA:27,1
DA:28,1
DA:29,1
DA:30,1
DA:31,1
DA:32,1
DA:33,1
DA:34,1
DA:35,1
DA:36,1
DA:37,1
DA:38,1
DA:39,1
DA:40,0
DA:41,0
DA:42,0
DA:43,0
DA:44,0
DA:45,0
DA:46,0
DA:47,0
DA:48,0
DA:49,0
DA:50,0
DA:51,0
DA:52,0
DA:53,0
DA:54,1
DA:55,1
DA:56,15
DA:57,15
DA:58,15
DA:59,15
DA:60,15
DA:61,15
DA:62,15
DA:63,15
DA:64,15
DA:65,15
DA:66,15
DA:67,15
DA:68,1
LF:68
LH:54
BRDA:55,0,0,15
BRF:1
BRH:1
end_of_record
TN:
SF:src/domain/Product/dtos/updateProductDTO.ts
FN:44,create
FN:61,UpdateProductDto
FNF:2
FNH:2
FNDA:2,create
FNDA:2,UpdateProductDto
DA:1,1
DA:2,1
DA:3,1
DA:4,1
DA:5,1
DA:6,1
DA:7,1
DA:8,1
DA:9,1
DA:10,1
DA:11,1
DA:12,1
DA:13,1
DA:14,1
DA:15,1
DA:16,1
DA:17,1
DA:18,1
DA:19,1
DA:20,1
DA:21,1
DA:22,1
DA:23,1
DA:24,1
DA:25,1
DA:26,1
DA:27,1
DA:28,1
DA:29,1
DA:30,1
DA:31,1
DA:32,1
DA:33,1
DA:34,1
DA:35,1
DA:36,1
DA:37,1
DA:38,1
DA:39,1
DA:40,1
DA:41,1
DA:42,1
DA:43,1
DA:44,1
DA:45,2
DA:46,2
DA:47,2
DA:48,2
DA:49,2
DA:50,2
DA:51,2
DA:52,2
DA:53,2
DA:54,2
DA:55,2
DA:56,2
DA:57,2
DA:58,2
DA:59,2
DA:60,1
DA:61,1
DA:62,2
DA:63,2
DA:64,2
DA:65,2
DA:66,2
DA:67,2
DA:68,2
DA:69,2
DA:70,2
DA:71,2
DA:72,2
DA:73,2
DA:74,2
DA:75,2
DA:76,1
LF:76
LH:76
BRDA:44,0,0,2
BRDA:61,1,0,2
BRF:2
BRH:2
end_of_record
TN:
SF:src/infrastructure/categoriaRepository/InMemoryCategoriaRepo.ts
FN:7,InMemoryCategoriaRepo
FN:11,create
FN:15,find
FN:19,findById
FN:25,update
FN:34,remove
FN:40,findAll
FNF:7
FNH:4
FNDA:1,InMemoryCategoriaRepo
FNDA:1,create
FNDA:0,find
FNDA:15,findById
FNDA:0,update
FNDA:0,remove
FNDA:1,findAll
DA:1,1
DA:2,1
DA:3,1
DA:4,1
DA:5,1
DA:6,1
DA:7,1
DA:8,1
DA:9,1
DA:10,1
DA:11,1
DA:12,1
DA:13,1
DA:14,1
DA:15,1
DA:16,0
DA:17,0
DA:18,1
DA:19,1
DA:20,15
DA:21,15
DA:22,15
DA:23,15
DA:24,1
DA:25,1
DA:26,0
DA:27,0
DA:28,0
DA:29,0
DA:30,0
DA:31,0
DA:32,0
DA:33,1
DA:34,1
DA:35,0
DA:36,0
DA:37,0
DA:38,0
DA:39,1
DA:40,1
DA:41,1
DA:42,1
DA:43,1
LF:43
LH:30
BRDA:7,0,0,1
BRDA:11,1,0,1
BRDA:19,2,0,15
BRDA:21,3,0,0
BRDA:40,4,0,1
BRF:5
BRH:4
end_of_record
TN:
SF:src/infrastructure/categoriaRepository/index.ts
FNF:0
FNH:0
DA:1,1
DA:2,1
DA:3,1
DA:4,1
DA:5,1
LF:5
LH:5
BRF:0
BRH:0
end_of_record
TN:
SF:src/infrastructure/database/In-memory/index.ts
FN:24,Collection
FN:28,insert
FN:33,insertMany
FN:37,getById
FN:40,update
FN:47,delete
FN:54,find
FN:60,findAll
FN:77,InMemoryDatabase
FNF:9
FNH:7
FNDA:6,Collection
FNDA:14,insert
FNDA:0,insertMany
FNDA:17,getById
FNDA:2,update
FNDA:14,delete
FNDA:0,find
FNDA:19,findAll
FNDA:2,InMemoryDatabase
DA:1,1
DA:2,1
DA:3,1
DA:4,1
DA:5,1
DA:6,1
DA:7,1
DA:8,1
DA:9,1
DA:10,1
DA:11,1
DA:12,1
DA:13,1
DA:14,1
DA:15,1
DA:16,1
DA:17,1
DA:18,1
DA:19,1
DA:20,1
DA:21,1
DA:22,1
DA:23,1
DA:24,1
DA:25,6
DA:26,6
DA:27,1
DA:28,1
DA:29,14
DA:30,14
DA:31,14
DA:32,1
DA:33,1
DA:34,0
DA:35,0
DA:36,1
DA:37,1
DA:38,17
DA:39,17
DA:40,1
DA:41,2
DA:42,2
DA:43,1
DA:44,1
DA:45,1
DA:46,1
DA:47,1
DA:48,14
DA:49,14
DA:50,12
DA:51,12
DA:52,12
DA:53,1
DA:54,1
DA:55,0
DA:56,0
DA:57,0
DA:58,0
DA:59,1
DA:60,1
DA:61,19
DA:62,19
DA:63,1
DA:64,1
DA:65,1
DA:66,1
DA:67,1
DA:68,1
DA:69,1
DA:70,1
DA:71,1
DA:72,1
DA:73,1
DA:74,1
DA:75,1
DA:76,1
DA:77,2
DA:78,2
DA:79,2
DA:80,2
DA:81,2
DA:82,2
LF:82
LH:76
BRDA:24,0,0,6
BRDA:28,1,0,14
BRDA:37,2,0,17
BRDA:38,3,0,19
BRDA:40,4,0,2
BRDA:42,5,0,1
BRDA:41,6,0,4
BRDA:43,7,0,2
BRDA:47,8,0,14
BRDA:49,9,0,2
BRDA:50,10,0,12
BRDA:48,11,0,27
BRDA:50,12,0,27
BRDA:60,13,0,19
BRDA:77,14,0,2
BRF:15
BRH:15
end_of_record
TN:
SF:src/infrastructure/productRepository/InMemoryProductRepo.ts
FN:7,InMemoryProductRepo
FN:11,create
FN:15,find
FN:19,findById
FN:25,update
FN:34,remove
FN:40,findAll
FNF:7
FNH:6
FNDA:1,InMemoryProductRepo
FNDA:13,create
FNDA:0,find
FNDA:2,findById
FNDA:2,update
FNDA:14,remove
FNDA:18,findAll
DA:1,1
DA:2,1
DA:3,1
DA:4,1
DA:5,1
DA:6,1
DA:7,1
DA:8,1
DA:9,1
DA:10,1
DA:11,1
DA:12,13
DA:13,13
DA:14,1
DA:15,1
DA:16,0
DA:17,0
DA:18,1
DA:19,1
DA:20,2
DA:21,2
DA:22,1
DA:23,1
DA:24,1
DA:25,1
DA:26,2
DA:27,2
DA:28,2
DA:29,2
DA:30,2
DA:31,1
DA:32,1
DA:33,1
DA:34,1
DA:35,14
DA:36,14
DA:37,12
DA:38,12
DA:39,1
DA:40,1
DA:41,18
DA:42,18
DA:43,1
LF:43
LH:41
BRDA:7,0,0,1
BRDA:11,1,0,13
BRDA:19,2,0,2
BRDA:21,3,0,1
BRDA:25,4,0,2
BRDA:30,5,0,1
BRDA:34,6,0,14
BRDA:36,7,0,2
BRDA:37,8,0,12
BRDA:40,9,0,18
BRF:10
BRH:10
end_of_record
TN:
SF:src/infrastructure/productRepository/index.ts
FNF:0
FNH:0
DA:1,1
DA:2,1
DA:3,1
DA:4,1
DA:5,1
LF:5
LH:5
BRF:0
BRH:0
end_of_record
TN:
SF:src/libs/Error/Malformed-data.ts
FN:5,MalformedDataError
FN:11,create
FNF:2
FNH:2
FNDA:1,MalformedDataError
FNDA:1,create
DA:1,1
DA:2,1
DA:3,1
DA:4,1
DA:5,1
DA:6,1
DA:7,1
DA:8,1
DA:9,1
DA:10,1
DA:11,1
DA:12,1
DA:13,1
DA:14,1
DA:15,1
DA:16,1
DA:17,1
DA:18,1
LF:18
LH:18
BRDA:5,0,0,1
BRDA:9,1,0,0
BRDA:11,2,0,1
BRF:3
BRH:2
end_of_record
TN:
SF:src/libs/Error/RepeatedNombreCorto.ts
FN:6,RepeatedNombreCortoError
FNF:1
FNH:0
FNDA:0,RepeatedNombreCortoError
DA:1,1
DA:2,1
DA:3,1
DA:4,1
DA:5,1
DA:6,1
DA:7,0
DA:8,0
DA:9,0
DA:10,0
DA:11,0
DA:12,0
DA:13,0
DA:14,0
DA:15,0
DA:16,1
LF:16
LH:7
BRF:0
BRH:0
end_of_record
TN:
SF:src/libs/Error/RepeatedSku.ts
FN:5,RepeatedSkuError
FNF:1
FNH:1
FNDA:1,RepeatedSkuError
DA:1,1
DA:2,1
DA:3,1
DA:4,1
DA:5,1
DA:6,1
DA:7,1
DA:8,1
DA:9,1
DA:10,1
DA:11,1
DA:12,1
DA:13,1
DA:14,1
DA:15,1
LF:15
LH:15
BRDA:5,0,0,1
BRDA:11,1,0,0
BRF:2
BRH:1
end_of_record
TN:
SF:src/libs/Error/categoria-not-found.ts
FN:5,CategoriaNotFound
FNF:1
FNH:0
FNDA:0,CategoriaNotFound
DA:1,1
DA:2,1
DA:3,1
DA:4,1
DA:5,1
DA:6,0
DA:7,0
DA:8,0
DA:9,0
DA:10,0
DA:11,0
DA:12,0
DA:13,0
DA:14,0
DA:15,1
LF:15
LH:6
BRF:0
BRH:0
end_of_record
TN:
SF:src/libs/Error/index.ts
FN:3,ExtendableError
FNF:1
FNH:1
FNDA:6,ExtendableError
DA:1,1
DA:2,1
DA:3,1
DA:4,6
DA:5,6
DA:6,6
DA:7,6
DA:8,6
DA:9,1
LF:9
LH:9
BRDA:3,0,0,6
BRF:1
BRH:1
end_of_record
TN:
SF:src/libs/Error/product-not-found.ts
FN:5,ProductNotFound
FNF:1
FNH:1
FNDA:4,ProductNotFound
DA:1,1
DA:2,1
DA:3,1
DA:4,1
DA:5,1
DA:6,4
DA:7,4
DA:8,4
DA:9,4
DA:10,4
DA:11,4
DA:12,4
DA:13,4
DA:14,4
DA:15,1
LF:15
LH:15
BRDA:5,0,0,4
BRDA:11,1,0,0
BRF:2
BRH:1
end_of_record
TN:
SF:src/libs/UIDgenerator/uid-generator.ts
FN:6,create
FN:10,gen
FNF:2
FNH:2
FNDA:2,create
FNDA:14,gen
DA:1,1
DA:2,1
DA:3,1
DA:4,1
DA:5,1
DA:6,1
DA:7,2
DA:8,2
DA:9,1
DA:10,1
DA:11,14
DA:12,14
DA:13,1
LF:13
LH:13
BRDA:6,0,0,2
BRDA:10,1,0,14
BRF:2
BRH:2
end_of_record
TN:
SF:src/libs/Validator/validator.ts
FN:6,create
FN:10,validate
FN:17,formatErrorData
FNF:3
FNH:2
FNDA:0,create
FNDA:18,validate
FNDA:1,formatErrorData
DA:1,1
DA:2,1
DA:3,1
DA:4,1
DA:5,1
DA:6,1
DA:7,0
DA:8,0
DA:9,1
DA:10,1
DA:11,18
DA:12,18
DA:13,18
DA:14,17
DA:15,17
DA:16,1
DA:17,1
DA:18,1
DA:19,1
DA:20,1
DA:21,1
DA:22,1
DA:23,1
DA:24,1
LF:24
LH:22
BRDA:10,0,0,18
BRDA:13,1,0,1
BRDA:14,2,0,17
BRDA:17,3,0,1
BRDA:20,4,0,1
BRDA:20,5,0,0
BRF:6
BRH:5
end_of_record
TN:
SF:src/libs/csv-converter/index.ts
FN:6,create
FN:10,fromArrToCSV
FN:14,fromCsvToArr
FNF:3
FNH:1
FNDA:0,create
FNDA:1,fromArrToCSV
FNDA:0,fromCsvToArr
DA:1,1
DA:2,1
DA:3,1
DA:4,1
DA:5,1
DA:6,1
DA:7,0
DA:8,0
DA:9,1
DA:10,1
DA:11,1
DA:12,1
DA:13,1
DA:14,1
DA:15,0
DA:16,0
DA:17,1
DA:18,1
LF:18
LH:14
BRDA:10,0,0,1
BRF:1
BRH:1
end_of_record
